<?xml version="1.0" encoding="UTF-8"?>
<!-- Generated by org.testng.reporters.JUnitReportReporter -->
<testsuite skipped="0" hostname="Mirays-MacBook-Pro.local" name="EnesFramework.SignInTest" tests="2" failures="0" timestamp="2020-04-20T03:44:05 EDT" time="21.050" errors="0">
  <testcase name="SIT_1000" time="9.746" classname="EnesFramework.SignInTest"/>
  <testcase name="SIT_1001" time="11.304" classname="EnesFramework.SignInTest"/>
</testsuite> <!-- EnesFramework.SignInTest -->
