<?xml version="1.0" encoding="UTF-8"?>
<!-- Generated by org.testng.reporters.JUnitReportReporter -->
<testsuite skipped="0" hostname="Mirays-MacBook-Pro.local" name="EnesFramework.HeaderTest" tests="4" failures="0" timestamp="2020-04-20T03:44:10 EDT" time="72.776" errors="0">
  <testcase name="EP_1001" time="21.291" classname="EnesFramework.HeaderTest"/>
  <testcase name="EP_1002" time="13.900" classname="EnesFramework.HeaderTest"/>
  <testcase name="EP_1004" time="20.141" classname="EnesFramework.HeaderTest"/>
  <testcase name="EP_1005" time="17.444" classname="EnesFramework.HeaderTest"/>
</testsuite> <!-- EnesFramework.HeaderTest -->
