<?xml version="1.0" encoding="UTF-8"?>
<!-- Generated by org.testng.reporters.JUnitReportReporter -->
<testsuite skipped="0" hostname="Mirays-MacBook-Pro.local" name="EnesFramework.SearchTest" tests="1" failures="0" timestamp="2020-04-20T03:44:15 EDT" time="11.611" errors="0">
  <testcase name="ST_1000" time="11.611" classname="EnesFramework.SearchTest"/>
</testsuite> <!-- EnesFramework.SearchTest -->
